<?xml version="1.0" encoding="UTF-8"?>
<!-- Generated by org.testng.reporters.JUnitReportReporter -->
<testsuite hostname="Vikku" failures="0" tests="1" name="TestCases.TC_IndexPage" time="1.580" errors="0" timestamp="2024-04-15T00:56:50 IST" skipped="0">
  <testcase classname="TestCases.TC_IndexPage" name="verifyLogin" time="1.580"/>
</testsuite> <!-- TestCases.TC_IndexPage -->
