<?xml version="1.0" encoding="UTF-8"?>
<!-- Generated by org.testng.reporters.JUnitReportReporter -->
<testsuite hostname="Vikku" failures="0" tests="2" name="TestCases.TC_IndexPage" time="3.900" errors="0" timestamp="2024-02-11T14:21:57 IST" skipped="0">
  <testcase classname="TestCases.TC_IndexPage" name="verifyLogin" time="2.395"/>
  <testcase classname="TestCases.TC_IndexPage" name="verifyRegistration" time="1.505"/>
</testsuite> <!-- TestCases.TC_IndexPage -->
