<?xml version="1.0" encoding="UTF-8"?>
<!-- Generated by org.testng.reporters.JUnitReportReporter -->
<testsuite hostname="Vikku" failures="0" tests="2" name="TestCases.TC_IndexPage" time="3.714" errors="0" timestamp="2024-02-11T17:52:42 IST" skipped="0">
  <testcase classname="TestCases.TC_IndexPage" name="verifyLogin" time="2.196"/>
  <testcase classname="TestCases.TC_IndexPage" name="verifyRegistration" time="1.518"/>
</testsuite> <!-- TestCases.TC_IndexPage -->
